<?xml version="1.0" encoding="UTF-8"?>
<testsuite name="nopcommerce Test"
           tests="4"
           failures="0"
           errors="0"
           skipped="0"
           time="3.351">
  <properties />
  
  
            <testcase name="userShouldNavigateToLoginPageSuccessFully" time="0.481" classname="com.nopcommerce.demo.testsuite.LoginPageTest" />
                <testcase name="verifyTheErrorMessageWithInValidCredentials" time="1.001" classname="com.nopcommerce.demo.testsuite.LoginPageTest" />
                <testcase name="VerifyThatUserShouldLogOutSuccessFully" time="0.921" classname="com.nopcommerce.demo.testsuite.LoginPageTest" />
                <testcase name="verifyThatUserShouldLogInSuccessFullyWithValidCredentials" time="0.948" classname="com.nopcommerce.demo.testsuite.LoginPageTest" />
      
</testsuite>
